Validating found git in: git
Using git 2.25.1 from git
Opening repository for path='/home/aki/mini-projet-JEI/frontend' failed; ex=Failed to execute git {
  "exitCode": 128,
  "gitErrorCode": "NotAGitRepository",
  "gitCommand": "rev-parse",
  "stdout": "",
  "stderr": "fatal: not a git repository (or any of the parent directories): .git\n"
}
Opening repository for path='/home/aki/mini-projet-JEI/frontend/.gitignore' failed; ex=Error: spawn ENOTDIR
Opening repository for path='/home/aki/mini-projet-JEI/frontend/1.63.2-main.sock' failed; ex=Error: spawn ENOTDIR
Opening repository for path='/home/aki/mini-projet-JEI/frontend/Backups' failed; ex=Failed to execute git {
  "exitCode": 128,
  "gitErrorCode": "NotAGitRepository",
  "gitCommand": "rev-parse",
  "stdout": "",
  "stderr": "fatal: not a git repository (or any of the parent directories): .git\n"
}
Opening repository for path='/home/aki/mini-projet-JEI/frontend/Cache' failed; ex=Failed to execute git {
  "exitCode": 128,
  "gitErrorCode": "NotAGitRepository",
  "gitCommand": "rev-parse",
  "stdout": "",
  "stderr": "fatal: not a git repository (or any of the parent directories): .git\n"
}
Opening repository for path='/home/aki/mini-projet-JEI/frontend/CachedData' failed; ex=Failed to execute git {
  "exitCode": 128,
  "gitErrorCode": "NotAGitRepository",
  "gitCommand": "rev-parse",
  "stdout": "",
  "stderr": "fatal: not a git repository (or any of the parent directories): .git\n"
}
Opening repository for path='/home/aki/mini-projet-JEI/frontend/CachedExtensions' failed; ex=Failed to execute git {
  "exitCode": 128,
  "gitErrorCode": "NotAGitRepository",
  "gitCommand": "rev-parse",
  "stdout": "",
  "stderr": "fatal: not a git repository (or any of the parent directories): .git\n"
}
Opening repository for path='/home/aki/mini-projet-JEI/frontend/Code Cache' failed; ex=Failed to execute git {
  "exitCode": 128,
  "gitErrorCode": "NotAGitRepository",
  "gitCommand": "rev-parse",
  "stdout": "",
  "stderr": "fatal: not a git repository (or any of the parent directories): .git\n"
}
Opening repository for path='/home/aki/mini-projet-JEI/frontend/Crash Reports' failed; ex=Failed to execute git {
  "exitCode": 128,
  "gitErrorCode": "NotAGitRepository",
  "gitCommand": "rev-parse",
  "stdout": "",
  "stderr": "fatal: not a git repository (or any of the parent directories): .git\n"
}
Opening repository for path='/home/aki/mini-projet-JEI/frontend/GPUCache' failed; ex=Failed to execute git {
  "exitCode": 128,
  "gitErrorCode": "NotAGitRepository",
  "gitCommand": "rev-parse",
  "stdout": "",
  "stderr": "fatal: not a git repository (or any of the parent directories): .git\n"
}
Opening repository for path='/home/aki/mini-projet-JEI/frontend/Local Storage' failed; ex=Failed to execute git {
  "exitCode": 128,
  "gitErrorCode": "NotAGitRepository",
  "gitCommand": "rev-parse",
  "stdout": "",
  "stderr": "fatal: not a git repository (or any of the parent directories): .git\n"
}
Opening repository for path='/home/aki/mini-projet-JEI/frontend/Network Persistent State' failed; ex=Error: spawn ENOTDIR
Opening repository for path='/home/aki/mini-projet-JEI/frontend/QuotaManager' failed; ex=Error: spawn ENOTDIR
Opening repository for path='/home/aki/mini-projet-JEI/frontend/QuotaManager-journal' failed; ex=Error: spawn ENOTDIR
Opening repository for path='/home/aki/mini-projet-JEI/frontend/README.md' failed; ex=Error: spawn ENOTDIR
Opening repository for path='/home/aki/mini-projet-JEI/frontend/Service Worker' failed; ex=Failed to execute git {
  "exitCode": 128,
  "gitErrorCode": "NotAGitRepository",
  "gitCommand": "rev-parse",
  "stdout": "",
  "stderr": "fatal: not a git repository (or any of the parent directories): .git\n"
}
Opening repository for path='/home/aki/mini-projet-JEI/frontend/TransportSecurity' failed; ex=Error: spawn ENOTDIR
Opening repository for path='/home/aki/mini-projet-JEI/frontend/User' failed; ex=Failed to execute git {
  "exitCode": 128,
  "gitErrorCode": "NotAGitRepository",
  "gitCommand": "rev-parse",
  "stdout": "",
  "stderr": "fatal: not a git repository (or any of the parent directories): .git\n"
}
Opening repository for path='/home/aki/mini-projet-JEI/frontend/bash.exe.stackdump' failed; ex=Error: spawn ENOTDIR
Opening repository for path='/home/aki/mini-projet-JEI/frontend/blob_storage' failed; ex=Failed to execute git {
  "exitCode": 128,
  "gitErrorCode": "NotAGitRepository",
  "gitCommand": "rev-parse",
  "stdout": "",
  "stderr": "fatal: not a git repository (or any of the parent directories): .git\n"
}
Opening repository for path='/home/aki/mini-projet-JEI/frontend/code.lock' failed; ex=Error: spawn ENOTDIR
Opening repository for path='/home/aki/mini-projet-JEI/frontend/databases' failed; ex=Failed to execute git {
  "exitCode": 128,
  "gitErrorCode": "NotAGitRepository",
  "gitCommand": "rev-parse",
  "stdout": "",
  "stderr": "fatal: not a git repository (or any of the parent directories): .git\n"
}
Opening repository for path='/home/aki/mini-projet-JEI/frontend/exthost Crash Reports' failed; ex=Failed to execute git {
  "exitCode": 128,
  "gitErrorCode": "NotAGitRepository",
  "gitCommand": "rev-parse",
  "stdout": "",
  "stderr": "fatal: not a git repository (or any of the parent directories): .git\n"
}
Opening repository for path='/home/aki/mini-projet-JEI/frontend/languagepacks.json' failed; ex=Error: spawn ENOTDIR
Opening repository for path='/home/aki/mini-projet-JEI/frontend/logs' failed; ex=Failed to execute git {
  "exitCode": 128,
  "gitErrorCode": "NotAGitRepository",
  "gitCommand": "rev-parse",
  "stdout": "",
  "stderr": "fatal: not a git repository (or any of the parent directories): .git\n"
}
Opening repository for path='/home/aki/mini-projet-JEI/frontend/machineid' failed; ex=Error: spawn ENOTDIR
Opening repository for path='/home/aki/mini-projet-JEI/frontend/package-lock.json' failed; ex=Error: spawn ENOTDIR
Opening repository for path='/home/aki/mini-projet-JEI/frontend/package.json' failed; ex=Error: spawn ENOTDIR
Opening repository for path='/home/aki/mini-projet-JEI/frontend/public' failed; ex=Failed to execute git {
  "exitCode": 128,
  "gitErrorCode": "NotAGitRepository",
  "gitCommand": "rev-parse",
  "stdout": "",
  "stderr": "fatal: not a git repository (or any of the parent directories): .git\n"
}
Opening repository for path='/home/aki/mini-projet-JEI/frontend/src' failed; ex=Failed to execute git {
  "exitCode": 128,
  "gitErrorCode": "NotAGitRepository",
  "gitCommand": "rev-parse",
  "stdout": "",
  "stderr": "fatal: not a git repository (or any of the parent directories): .git\n"
}
Opening repository for path='/home/aki/mini-projet-JEI/frontend/storage.json' failed; ex=Error: spawn ENOTDIR
Opening repository for path='/home/aki/mini-projet-JEI/frontend/watcherServiceParcelSharedProcess' failed; ex=Failed to execute git {
  "exitCode": 128,
  "gitErrorCode": "NotAGitRepository",
  "gitCommand": "rev-parse",
  "stdout": "",
  "stderr": "fatal: not a git repository (or any of the parent directories): .git\n"
}
Opening repository for path='/home/aki/mini-projet-JEI/frontend/src' failed; ex=Failed to execute git {
  "exitCode": 128,
  "gitErrorCode": "NotAGitRepository",
  "gitCommand": "rev-parse",
  "stdout": "",
  "stderr": "fatal: not a git repository (or any of the parent directories): .git\n"
}
Opening repository for path='/home/aki/mini-projet-JEI/frontend/src' failed; ex=Failed to execute git {
  "exitCode": 128,
  "gitErrorCode": "NotAGitRepository",
  "gitCommand": "rev-parse",
  "stdout": "",
  "stderr": "fatal: not a git repository (or any of the parent directories): .git\n"
}
Opening repository for path='/home/aki/mini-projet-JEI/frontend' failed; ex=Failed to execute git {
  "exitCode": 128,
  "gitErrorCode": "NotAGitRepository",
  "gitCommand": "rev-parse",
  "stdout": "",
  "stderr": "fatal: not a git repository (or any of the parent directories): .git\n"
}
Opening repository for path='/home/aki/mini-projet-JEI/frontend' failed; ex=Failed to execute git {
  "exitCode": 128,
  "gitErrorCode": "NotAGitRepository",
  "gitCommand": "rev-parse",
  "stdout": "",
  "stderr": "fatal: not a git repository (or any of the parent directories): .git\n"
}
Opening repository for path='/home/aki/mini-projet-JEI/frontend/src' failed; ex=Failed to execute git {
  "exitCode": 128,
  "gitErrorCode": "NotAGitRepository",
  "gitCommand": "rev-parse",
  "stdout": "",
  "stderr": "fatal: not a git repository (or any of the parent directories): .git\n"
}
Opening repository for path='/home/aki/mini-projet-JEI/frontend/src' failed; ex=Failed to execute git {
  "exitCode": 128,
  "gitErrorCode": "NotAGitRepository",
  "gitCommand": "rev-parse",
  "stdout": "",
  "stderr": "fatal: not a git repository (or any of the parent directories): .git\n"
}
Opening repository for path='/home/aki/mini-projet-JEI/frontend/src' failed; ex=Failed to execute git {
  "exitCode": 128,
  "gitErrorCode": "NotAGitRepository",
  "gitCommand": "rev-parse",
  "stdout": "",
  "stderr": "fatal: not a git repository (or any of the parent directories): .git\n"
}
